{"C:\\Users\\csbra\\Documents\\air-quality-backend\\app.js": {"path":"C:\\Users\\csbra\\Documents\\air-quality-backend\\app.js","statementMap":{"0":{"start":{"line":1,"column":16},"end":{"line":1,"column":34}},"1":{"start":{"line":2,"column":13},"end":{"line":2,"column":28}},"2":{"start":{"line":3,"column":15},"end":{"line":3,"column":32}},"3":{"start":{"line":4,"column":20},"end":{"line":4,"column":42}},"4":{"start":{"line":5,"column":13},"end":{"line":5,"column":28}},"5":{"start":{"line":6,"column":18},"end":{"line":6,"column":47}},"6":{"start":{"line":7,"column":15},"end":{"line":7,"column":32}},"7":{"start":{"line":8,"column":12},"end":{"line":8,"column":32}},"8":{"start":{"line":10,"column":32},"end":{"line":10,"column":73}},"9":{"start":{"line":11,"column":19},"end":{"line":11,"column":49}},"10":{"start":{"line":12,"column":12},"end":{"line":12,"column":21}},"11":{"start":{"line":15,"column":0},"end":{"line":15,"column":61}},"12":{"start":{"line":16,"column":0},"end":{"line":16,"column":16}},"13":{"start":{"line":17,"column":0},"end":{"line":17,"column":25}},"14":{"start":{"line":18,"column":0},"end":{"line":18,"column":41}},"15":{"start":{"line":19,"column":0},"end":{"line":19,"column":56}},"16":{"start":{"line":21,"column":0},"end":{"line":21,"column":23}},"17":{"start":{"line":26,"column":16},"end":{"line":30,"column":2}},"18":{"start":{"line":32,"column":0},"end":{"line":32,"column":22}},"19":{"start":{"line":35,"column":0},"end":{"line":35,"column":18}},"20":{"start":{"line":38,"column":0},"end":{"line":38,"column":15}},"21":{"start":{"line":41,"column":0},"end":{"line":41,"column":23}},"22":{"start":{"line":44,"column":0},"end":{"line":44,"column":29}},"23":{"start":{"line":55,"column":0},"end":{"line":60,"column":3}},"24":{"start":{"line":56,"column":16},"end":{"line":56,"column":74}},"25":{"start":{"line":57,"column":2},"end":{"line":57,"column":26}},"26":{"start":{"line":58,"column":2},"end":{"line":58,"column":25}},"27":{"start":{"line":59,"column":2},"end":{"line":59,"column":14}},"28":{"start":{"line":64,"column":0},"end":{"line":64,"column":33}},"29":{"start":{"line":66,"column":0},"end":{"line":66,"column":21}}},"fnMap":{"0":{"name":"(anonymous_0)","decl":{"start":{"line":55,"column":13},"end":{"line":55,"column":14}},"loc":{"start":{"line":55,"column":33},"end":{"line":60,"column":1}},"line":55}},"branchMap":{},"s":{"0":1,"1":1,"2":1,"3":1,"4":1,"5":1,"6":1,"7":1,"8":1,"9":1,"10":1,"11":1,"12":1,"13":1,"14":1,"15":1,"16":1,"17":1,"18":1,"19":1,"20":1,"21":1,"22":1,"23":1,"24":1,"25":1,"26":1,"27":1,"28":1,"29":1},"f":{"0":1},"b":{},"_coverageSchema":"1a1c01bbd47fc00a2c39e90264f33305004495a9","hash":"420d1a82e80f3ce62984b1ca61e8d16404adb465"}
,"C:\\Users\\csbra\\Documents\\air-quality-backend\\controllers\\data-controller.js": {"path":"C:\\Users\\csbra\\Documents\\air-quality-backend\\controllers\\data-controller.js","statementMap":{"0":{"start":{"line":1,"column":20},"end":{"line":1,"column":53}},"1":{"start":{"line":3,"column":16},"end":{"line":10,"column":1}},"2":{"start":{"line":4,"column":2},"end":{"line":9,"column":3}},"3":{"start":{"line":5,"column":21},"end":{"line":5,"column":45}},"4":{"start":{"line":6,"column":4},"end":{"line":6,"column":35}},"5":{"start":{"line":8,"column":4},"end":{"line":8,"column":16}},"6":{"start":{"line":14,"column":0},"end":{"line":16,"column":2}}},"fnMap":{"0":{"name":"(anonymous_0)","decl":{"start":{"line":3,"column":16},"end":{"line":3,"column":17}},"loc":{"start":{"line":3,"column":42},"end":{"line":10,"column":1}},"line":3}},"branchMap":{},"s":{"0":2,"1":2,"2":3,"3":3,"4":2,"5":1,"6":2},"f":{"0":3},"b":{},"_coverageSchema":"1a1c01bbd47fc00a2c39e90264f33305004495a9","hash":"ad8269a3c9a92a155c1046086370e1b472949f48"}
,"C:\\Users\\csbra\\Documents\\air-quality-backend\\controllers\\error-controller.js": {"path":"C:\\Users\\csbra\\Documents\\air-quality-backend\\controllers\\error-controller.js","statementMap":{"0":{"start":{"line":2,"column":22},"end":{"line":9,"column":3}},"1":{"start":{"line":3,"column":4},"end":{"line":7,"column":7}},"2":{"start":{"line":8,"column":4},"end":{"line":8,"column":11}},"3":{"start":{"line":11,"column":0},"end":{"line":11,"column":30}}},"fnMap":{"0":{"name":"(anonymous_0)","decl":{"start":{"line":2,"column":22},"end":{"line":2,"column":23}},"loc":{"start":{"line":2,"column":49},"end":{"line":9,"column":3}},"line":2}},"branchMap":{},"s":{"0":1,"1":1,"2":1,"3":1},"f":{"0":1},"b":{},"_coverageSchema":"1a1c01bbd47fc00a2c39e90264f33305004495a9","hash":"3e585fa36346d6e8e6de8386d9a1717c238c22e8"}
,"C:\\Users\\csbra\\Documents\\air-quality-backend\\models\\sensor.model.js": {"path":"C:\\Users\\csbra\\Documents\\air-quality-backend\\models\\sensor.model.js","statementMap":{"0":{"start":{"line":1,"column":17},"end":{"line":1,"column":36}},"1":{"start":{"line":3,"column":15},"end":{"line":3,"column":30}},"2":{"start":{"line":6,"column":21},"end":{"line":30,"column":2}},"3":{"start":{"line":32,"column":22},"end":{"line":32,"column":68}},"4":{"start":{"line":33,"column":0},"end":{"line":33,"column":31}}},"fnMap":{},"branchMap":{},"s":{"0":2,"1":2,"2":2,"3":2,"4":2},"f":{},"b":{},"_coverageSchema":"1a1c01bbd47fc00a2c39e90264f33305004495a9","hash":"af29de09e767109545077bb834a5b5ff36f38a7a"}
,"C:\\Users\\csbra\\Documents\\air-quality-backend\\routes\\data-route.js": {"path":"C:\\Users\\csbra\\Documents\\air-quality-backend\\routes\\data-route.js","statementMap":{"0":{"start":{"line":1,"column":16},"end":{"line":1,"column":34}},"1":{"start":{"line":2,"column":15},"end":{"line":2,"column":31}},"2":{"start":{"line":3,"column":23},"end":{"line":3,"column":64}},"3":{"start":{"line":5,"column":0},"end":{"line":5,"column":46}},"4":{"start":{"line":7,"column":0},"end":{"line":7,"column":24}}},"fnMap":{},"branchMap":{},"s":{"0":1,"1":1,"2":1,"3":1,"4":1},"f":{},"b":{},"_coverageSchema":"1a1c01bbd47fc00a2c39e90264f33305004495a9","hash":"693109b67692c7c6d61f03e9c9084798259f1ba2"}
}
